<?xml version="1.0" encoding="UTF-8"?>
<!-- Generated by org.testng.reporters.JUnitReportReporter -->
<testsuite skipped="0" hostname="IN5CG4525JV9" name="Preserve_order.preserve_order" tests="4" failures="0" timestamp="29 Jan 2020 09:58:15 GMT" time="0.017" errors="0">
  <testcase name="testCaseThree" time="0.002" classname="Preserve_order.preserve_order"/>
  <testcase name="testCaseOne" time="0.002" classname="Preserve_order.preserve_order"/>
  <testcase name="testCaseTwo" time="0.001" classname="Preserve_order.preserve_order"/>
  <testcase name="testCaseFour" time="0.012" classname="Preserve_order.preserve_order"/>
</testsuite> <!-- Preserve_order.preserve_order -->
