<?xml version="1.0" encoding="UTF-8"?>
<!-- Generated by org.testng.reporters.JUnitReportReporter -->
<testsuite skipped="0" hostname="IN5CG4525JV9" name="com.ara.testNG.testng_egs.OrderOfTestngAnnotations" tests="2" failures="0" timestamp="31 Jul 2019 09:34:40 GMT" time="0.012" errors="0">
  <testcase name="simpleGroupTest" time="0.009" classname="com.ara.testNG.testng_egs.OrderOfTestngAnnotations"/>
  <testcase name="simpleTestA" time="0.003" classname="com.ara.testNG.testng_egs.OrderOfTestngAnnotations"/>
</testsuite> <!-- com.ara.testNG.testng_egs.OrderOfTestngAnnotations -->
