<?xml version="1.0" encoding="UTF-8"?>
<!-- Generated by org.testng.reporters.JUnitReportReporter -->
<testsuite skipped="0" hostname="IN5CG4525JV9" name="Dataprovider.paramter_optional" tests="1" failures="0" timestamp="29 Jan 2020 07:54:06 GMT" time="0.031" errors="0">
  <testcase name="testOptionParamTwo" time="0.031" classname="Dataprovider.paramter_optional"/>
</testsuite> <!-- Dataprovider.paramter_optional -->
