<?xml version="1.0" encoding="UTF-8"?>
<!-- Generated by org.testng.reporters.JUnitReportReporter -->
<testsuite skipped="0" hostname="IN5CG4525JV9" name="com.ara.testNG.testng_egs.groupExamples" tests="3" failures="0" timestamp="31 Jul 2019 10:06:49 GMT" time="0.023" errors="0">
  <testcase name="testCaseTwo" time="0.001" classname="com.ara.testNG.testng_egs.groupExamples"/>
  <testcase name="testCaseOne" time="0.003" classname="com.ara.testNG.testng_egs.groupExamples"/>
  <testcase name="testCaseFour" time="0.019" classname="com.ara.testNG.testng_egs.groupExamples"/>
</testsuite> <!-- com.ara.testNG.testng_egs.groupExamples -->
