<?xml version="1.0" encoding="UTF-8"?>
<!-- Generated by org.testng.reporters.JUnitReportReporter -->
<testsuite skipped="0" hostname="IN5CG4525JV9" name="com.ara.testNG.testng_egs.pageTitleVerification" tests="1" failures="0" timestamp="20 Feb 2019 11:36:52 GMT" time="18.771" errors="0">
  <testcase name="VerifyPageTitle" time="18.771" classname="com.ara.testNG.testng_egs.pageTitleVerification"/>
</testsuite> <!-- com.ara.testNG.testng_egs.pageTitleVerification -->
